<?xml version="1.0" encoding="UTF-8"?>
<!-- Generated by org.testng.reporters.JUnitReportReporter -->
<testsuite hostname="DESKTOP-BQP1HFR" failures="0" tests="2" name="homepagetest.HomePageTest" time="9.131" errors="0" timestamp="2021-03-14T12:32:16 EDT" skipped="1">
  <testcase classname="homepagetest.HomePageTest" name="testSearchBox" time="9.131"/>
  <system-out/>
  <testcase classname="homepagetest.HomePageTest" name="testSearchBox1">
    <skipped/>
  </testcase> <!-- testSearchBox1 -->
  <system-out/>
</testsuite> <!-- homepagetest.HomePageTest -->
